[2019-05-11T12:56:47.561] [INFO] server - Express server listening on port 3000
[2019-05-11T12:58:33.782] [ERROR] default - { SequelizeConnectionRefusedError: connect ECONNREFUSED 127.0.0.1:3306
    at Utils.Promise.tap.then.catch.err (F:\do_an2019\ShareMomAndBaby\server\node_modules\sequelize\lib\dialects\mysql\connection-manager.js:139:19)
    at tryCatcher (F:\do_an2019\ShareMomAndBaby\server\node_modules\bluebird\js\release\util.js:16:23)
    at Promise._settlePromiseFromHandler (F:\do_an2019\ShareMomAndBaby\server\node_modules\bluebird\js\release\promise.js:512:31)
    at Promise._settlePromise (F:\do_an2019\ShareMomAndBaby\server\node_modules\bluebird\js\release\promise.js:569:18)
    at Promise._settlePromise0 (F:\do_an2019\ShareMomAndBaby\server\node_modules\bluebird\js\release\promise.js:614:10)
    at Promise._settlePromises (F:\do_an2019\ShareMomAndBaby\server\node_modules\bluebird\js\release\promise.js:690:18)
    at _drainQueueStep (F:\do_an2019\ShareMomAndBaby\server\node_modules\bluebird\js\release\async.js:138:12)
    at _drainQueue (F:\do_an2019\ShareMomAndBaby\server\node_modules\bluebird\js\release\async.js:131:9)
    at Async._drainQueues (F:\do_an2019\ShareMomAndBaby\server\node_modules\bluebird\js\release\async.js:147:5)
    at Immediate.Async.drainQueues [as _onImmediate] (F:\do_an2019\ShareMomAndBaby\server\node_modules\bluebird\js\release\async.js:17:14)
    at runCallback (timers.js:705:18)
    at tryOnImmediate (timers.js:676:5)
    at processImmediate (timers.js:658:5)
  name: 'SequelizeConnectionRefusedError',
  parent:
   { Error: connect ECONNREFUSED 127.0.0.1:3306
       at TCPConnectWrap.afterConnect [as oncomplete] (net.js:1113:14)
     errno: 'ECONNREFUSED',
     code: 'ECONNREFUSED',
     syscall: 'connect',
     address: '127.0.0.1',
     port: 3306,
     fatal: true },
  original:
   { Error: connect ECONNREFUSED 127.0.0.1:3306
       at TCPConnectWrap.afterConnect [as oncomplete] (net.js:1113:14)
     errno: 'ECONNREFUSED',
     code: 'ECONNREFUSED',
     syscall: 'connect',
     address: '127.0.0.1',
     port: 3306,
     fatal: true } }
[2019-05-11T12:58:33.786] [ERROR] default - { SequelizeConnectionRefusedError: connect ECONNREFUSED 127.0.0.1:3306
    at Utils.Promise.tap.then.catch.err (F:\do_an2019\ShareMomAndBaby\server\node_modules\sequelize\lib\dialects\mysql\connection-manager.js:139:19)
    at tryCatcher (F:\do_an2019\ShareMomAndBaby\server\node_modules\bluebird\js\release\util.js:16:23)
    at Promise._settlePromiseFromHandler (F:\do_an2019\ShareMomAndBaby\server\node_modules\bluebird\js\release\promise.js:512:31)
    at Promise._settlePromise (F:\do_an2019\ShareMomAndBaby\server\node_modules\bluebird\js\release\promise.js:569:18)
    at Promise._settlePromise0 (F:\do_an2019\ShareMomAndBaby\server\node_modules\bluebird\js\release\promise.js:614:10)
    at Promise._settlePromises (F:\do_an2019\ShareMomAndBaby\server\node_modules\bluebird\js\release\promise.js:690:18)
    at _drainQueueStep (F:\do_an2019\ShareMomAndBaby\server\node_modules\bluebird\js\release\async.js:138:12)
    at _drainQueue (F:\do_an2019\ShareMomAndBaby\server\node_modules\bluebird\js\release\async.js:131:9)
    at Async._drainQueues (F:\do_an2019\ShareMomAndBaby\server\node_modules\bluebird\js\release\async.js:147:5)
    at Immediate.Async.drainQueues [as _onImmediate] (F:\do_an2019\ShareMomAndBaby\server\node_modules\bluebird\js\release\async.js:17:14)
    at runCallback (timers.js:705:18)
    at tryOnImmediate (timers.js:676:5)
    at processImmediate (timers.js:658:5)
  name: 'SequelizeConnectionRefusedError',
  parent:
   { Error: connect ECONNREFUSED 127.0.0.1:3306
       at TCPConnectWrap.afterConnect [as oncomplete] (net.js:1113:14)
     errno: 'ECONNREFUSED',
     code: 'ECONNREFUSED',
     syscall: 'connect',
     address: '127.0.0.1',
     port: 3306,
     fatal: true },
  original:
   { Error: connect ECONNREFUSED 127.0.0.1:3306
       at TCPConnectWrap.afterConnect [as oncomplete] (net.js:1113:14)
     errno: 'ECONNREFUSED',
     code: 'ECONNREFUSED',
     syscall: 'connect',
     address: '127.0.0.1',
     port: 3306,
     fatal: true } }
[2019-05-11T12:58:40.039] [ERROR] default - { SequelizeConnectionRefusedError: connect ECONNREFUSED 127.0.0.1:3306
    at Utils.Promise.tap.then.catch.err (F:\do_an2019\ShareMomAndBaby\server\node_modules\sequelize\lib\dialects\mysql\connection-manager.js:139:19)
    at tryCatcher (F:\do_an2019\ShareMomAndBaby\server\node_modules\bluebird\js\release\util.js:16:23)
    at Promise._settlePromiseFromHandler (F:\do_an2019\ShareMomAndBaby\server\node_modules\bluebird\js\release\promise.js:512:31)
    at Promise._settlePromise (F:\do_an2019\ShareMomAndBaby\server\node_modules\bluebird\js\release\promise.js:569:18)
    at Promise._settlePromise0 (F:\do_an2019\ShareMomAndBaby\server\node_modules\bluebird\js\release\promise.js:614:10)
    at Promise._settlePromises (F:\do_an2019\ShareMomAndBaby\server\node_modules\bluebird\js\release\promise.js:690:18)
    at _drainQueueStep (F:\do_an2019\ShareMomAndBaby\server\node_modules\bluebird\js\release\async.js:138:12)
    at _drainQueue (F:\do_an2019\ShareMomAndBaby\server\node_modules\bluebird\js\release\async.js:131:9)
    at Async._drainQueues (F:\do_an2019\ShareMomAndBaby\server\node_modules\bluebird\js\release\async.js:147:5)
    at Immediate.Async.drainQueues [as _onImmediate] (F:\do_an2019\ShareMomAndBaby\server\node_modules\bluebird\js\release\async.js:17:14)
    at runCallback (timers.js:705:18)
    at tryOnImmediate (timers.js:676:5)
    at processImmediate (timers.js:658:5)
  name: 'SequelizeConnectionRefusedError',
  parent:
   { Error: connect ECONNREFUSED 127.0.0.1:3306
       at TCPConnectWrap.afterConnect [as oncomplete] (net.js:1113:14)
     errno: 'ECONNREFUSED',
     code: 'ECONNREFUSED',
     syscall: 'connect',
     address: '127.0.0.1',
     port: 3306,
     fatal: true },
  original:
   { Error: connect ECONNREFUSED 127.0.0.1:3306
       at TCPConnectWrap.afterConnect [as oncomplete] (net.js:1113:14)
     errno: 'ECONNREFUSED',
     code: 'ECONNREFUSED',
     syscall: 'connect',
     address: '127.0.0.1',
     port: 3306,
     fatal: true } }
[2019-05-11T13:00:07.463] [ERROR] default - { SequelizeConnectionRefusedError: connect ECONNREFUSED 127.0.0.1:3306
    at Utils.Promise.tap.then.catch.err (F:\do_an2019\ShareMomAndBaby\server\node_modules\sequelize\lib\dialects\mysql\connection-manager.js:139:19)
    at tryCatcher (F:\do_an2019\ShareMomAndBaby\server\node_modules\bluebird\js\release\util.js:16:23)
    at Promise._settlePromiseFromHandler (F:\do_an2019\ShareMomAndBaby\server\node_modules\bluebird\js\release\promise.js:512:31)
    at Promise._settlePromise (F:\do_an2019\ShareMomAndBaby\server\node_modules\bluebird\js\release\promise.js:569:18)
    at Promise._settlePromise0 (F:\do_an2019\ShareMomAndBaby\server\node_modules\bluebird\js\release\promise.js:614:10)
    at Promise._settlePromises (F:\do_an2019\ShareMomAndBaby\server\node_modules\bluebird\js\release\promise.js:690:18)
    at _drainQueueStep (F:\do_an2019\ShareMomAndBaby\server\node_modules\bluebird\js\release\async.js:138:12)
    at _drainQueue (F:\do_an2019\ShareMomAndBaby\server\node_modules\bluebird\js\release\async.js:131:9)
    at Async._drainQueues (F:\do_an2019\ShareMomAndBaby\server\node_modules\bluebird\js\release\async.js:147:5)
    at Immediate.Async.drainQueues [as _onImmediate] (F:\do_an2019\ShareMomAndBaby\server\node_modules\bluebird\js\release\async.js:17:14)
    at runCallback (timers.js:705:18)
    at tryOnImmediate (timers.js:676:5)
    at processImmediate (timers.js:658:5)
  name: 'SequelizeConnectionRefusedError',
  parent:
   { Error: connect ECONNREFUSED 127.0.0.1:3306
       at TCPConnectWrap.afterConnect [as oncomplete] (net.js:1113:14)
     errno: 'ECONNREFUSED',
     code: 'ECONNREFUSED',
     syscall: 'connect',
     address: '127.0.0.1',
     port: 3306,
     fatal: true },
  original:
   { Error: connect ECONNREFUSED 127.0.0.1:3306
       at TCPConnectWrap.afterConnect [as oncomplete] (net.js:1113:14)
     errno: 'ECONNREFUSED',
     code: 'ECONNREFUSED',
     syscall: 'connect',
     address: '127.0.0.1',
     port: 3306,
     fatal: true } }
[2019-05-11T13:03:05.535] [ERROR] default - { SequelizeConnectionRefusedError: connect ECONNREFUSED 127.0.0.1:3306
    at Utils.Promise.tap.then.catch.err (F:\do_an2019\ShareMomAndBaby\server\node_modules\sequelize\lib\dialects\mysql\connection-manager.js:139:19)
    at tryCatcher (F:\do_an2019\ShareMomAndBaby\server\node_modules\bluebird\js\release\util.js:16:23)
    at Promise._settlePromiseFromHandler (F:\do_an2019\ShareMomAndBaby\server\node_modules\bluebird\js\release\promise.js:512:31)
    at Promise._settlePromise (F:\do_an2019\ShareMomAndBaby\server\node_modules\bluebird\js\release\promise.js:569:18)
    at Promise._settlePromise0 (F:\do_an2019\ShareMomAndBaby\server\node_modules\bluebird\js\release\promise.js:614:10)
    at Promise._settlePromises (F:\do_an2019\ShareMomAndBaby\server\node_modules\bluebird\js\release\promise.js:690:18)
    at _drainQueueStep (F:\do_an2019\ShareMomAndBaby\server\node_modules\bluebird\js\release\async.js:138:12)
    at _drainQueue (F:\do_an2019\ShareMomAndBaby\server\node_modules\bluebird\js\release\async.js:131:9)
    at Async._drainQueues (F:\do_an2019\ShareMomAndBaby\server\node_modules\bluebird\js\release\async.js:147:5)
    at Immediate.Async.drainQueues [as _onImmediate] (F:\do_an2019\ShareMomAndBaby\server\node_modules\bluebird\js\release\async.js:17:14)
    at runCallback (timers.js:705:18)
    at tryOnImmediate (timers.js:676:5)
    at processImmediate (timers.js:658:5)
  name: 'SequelizeConnectionRefusedError',
  parent:
   { Error: connect ECONNREFUSED 127.0.0.1:3306
       at TCPConnectWrap.afterConnect [as oncomplete] (net.js:1113:14)
     errno: 'ECONNREFUSED',
     code: 'ECONNREFUSED',
     syscall: 'connect',
     address: '127.0.0.1',
     port: 3306,
     fatal: true },
  original:
   { Error: connect ECONNREFUSED 127.0.0.1:3306
       at TCPConnectWrap.afterConnect [as oncomplete] (net.js:1113:14)
     errno: 'ECONNREFUSED',
     code: 'ECONNREFUSED',
     syscall: 'connect',
     address: '127.0.0.1',
     port: 3306,
     fatal: true } }
[2019-05-11T13:03:13.627] [ERROR] default - { SequelizeConnectionRefusedError: connect ECONNREFUSED 127.0.0.1:3306
    at Utils.Promise.tap.then.catch.err (F:\do_an2019\ShareMomAndBaby\server\node_modules\sequelize\lib\dialects\mysql\connection-manager.js:139:19)
    at tryCatcher (F:\do_an2019\ShareMomAndBaby\server\node_modules\bluebird\js\release\util.js:16:23)
    at Promise._settlePromiseFromHandler (F:\do_an2019\ShareMomAndBaby\server\node_modules\bluebird\js\release\promise.js:512:31)
    at Promise._settlePromise (F:\do_an2019\ShareMomAndBaby\server\node_modules\bluebird\js\release\promise.js:569:18)
    at Promise._settlePromise0 (F:\do_an2019\ShareMomAndBaby\server\node_modules\bluebird\js\release\promise.js:614:10)
    at Promise._settlePromises (F:\do_an2019\ShareMomAndBaby\server\node_modules\bluebird\js\release\promise.js:690:18)
    at _drainQueueStep (F:\do_an2019\ShareMomAndBaby\server\node_modules\bluebird\js\release\async.js:138:12)
    at _drainQueue (F:\do_an2019\ShareMomAndBaby\server\node_modules\bluebird\js\release\async.js:131:9)
    at Async._drainQueues (F:\do_an2019\ShareMomAndBaby\server\node_modules\bluebird\js\release\async.js:147:5)
    at Immediate.Async.drainQueues [as _onImmediate] (F:\do_an2019\ShareMomAndBaby\server\node_modules\bluebird\js\release\async.js:17:14)
    at runCallback (timers.js:705:18)
    at tryOnImmediate (timers.js:676:5)
    at processImmediate (timers.js:658:5)
  name: 'SequelizeConnectionRefusedError',
  parent:
   { Error: connect ECONNREFUSED 127.0.0.1:3306
       at TCPConnectWrap.afterConnect [as oncomplete] (net.js:1113:14)
     errno: 'ECONNREFUSED',
     code: 'ECONNREFUSED',
     syscall: 'connect',
     address: '127.0.0.1',
     port: 3306,
     fatal: true },
  original:
   { Error: connect ECONNREFUSED 127.0.0.1:3306
       at TCPConnectWrap.afterConnect [as oncomplete] (net.js:1113:14)
     errno: 'ECONNREFUSED',
     code: 'ECONNREFUSED',
     syscall: 'connect',
     address: '127.0.0.1',
     port: 3306,
     fatal: true } }
[2019-05-11T13:05:05.408] [ERROR] default - { SequelizeConnectionRefusedError: connect ECONNREFUSED 127.0.0.1:3306
    at Utils.Promise.tap.then.catch.err (F:\do_an2019\ShareMomAndBaby\server\node_modules\sequelize\lib\dialects\mysql\connection-manager.js:139:19)
    at tryCatcher (F:\do_an2019\ShareMomAndBaby\server\node_modules\bluebird\js\release\util.js:16:23)
    at Promise._settlePromiseFromHandler (F:\do_an2019\ShareMomAndBaby\server\node_modules\bluebird\js\release\promise.js:512:31)
    at Promise._settlePromise (F:\do_an2019\ShareMomAndBaby\server\node_modules\bluebird\js\release\promise.js:569:18)
    at Promise._settlePromise0 (F:\do_an2019\ShareMomAndBaby\server\node_modules\bluebird\js\release\promise.js:614:10)
    at Promise._settlePromises (F:\do_an2019\ShareMomAndBaby\server\node_modules\bluebird\js\release\promise.js:690:18)
    at _drainQueueStep (F:\do_an2019\ShareMomAndBaby\server\node_modules\bluebird\js\release\async.js:138:12)
    at _drainQueue (F:\do_an2019\ShareMomAndBaby\server\node_modules\bluebird\js\release\async.js:131:9)
    at Async._drainQueues (F:\do_an2019\ShareMomAndBaby\server\node_modules\bluebird\js\release\async.js:147:5)
    at Immediate.Async.drainQueues [as _onImmediate] (F:\do_an2019\ShareMomAndBaby\server\node_modules\bluebird\js\release\async.js:17:14)
    at runCallback (timers.js:705:18)
    at tryOnImmediate (timers.js:676:5)
    at processImmediate (timers.js:658:5)
  name: 'SequelizeConnectionRefusedError',
  parent:
   { Error: connect ECONNREFUSED 127.0.0.1:3306
       at TCPConnectWrap.afterConnect [as oncomplete] (net.js:1113:14)
     errno: 'ECONNREFUSED',
     code: 'ECONNREFUSED',
     syscall: 'connect',
     address: '127.0.0.1',
     port: 3306,
     fatal: true },
  original:
   { Error: connect ECONNREFUSED 127.0.0.1:3306
       at TCPConnectWrap.afterConnect [as oncomplete] (net.js:1113:14)
     errno: 'ECONNREFUSED',
     code: 'ECONNREFUSED',
     syscall: 'connect',
     address: '127.0.0.1',
     port: 3306,
     fatal: true } }
[2019-05-11T15:12:01.008] [ERROR] default - { SequelizeConnectionRefusedError: connect ECONNREFUSED 127.0.0.1:3306
    at Utils.Promise.tap.then.catch.err (F:\do_an2019\ShareMomAndBaby\server\node_modules\sequelize\lib\dialects\mysql\connection-manager.js:139:19)
    at tryCatcher (F:\do_an2019\ShareMomAndBaby\server\node_modules\bluebird\js\release\util.js:16:23)
    at Promise._settlePromiseFromHandler (F:\do_an2019\ShareMomAndBaby\server\node_modules\bluebird\js\release\promise.js:512:31)
    at Promise._settlePromise (F:\do_an2019\ShareMomAndBaby\server\node_modules\bluebird\js\release\promise.js:569:18)
    at Promise._settlePromise0 (F:\do_an2019\ShareMomAndBaby\server\node_modules\bluebird\js\release\promise.js:614:10)
    at Promise._settlePromises (F:\do_an2019\ShareMomAndBaby\server\node_modules\bluebird\js\release\promise.js:690:18)
    at _drainQueueStep (F:\do_an2019\ShareMomAndBaby\server\node_modules\bluebird\js\release\async.js:138:12)
    at _drainQueue (F:\do_an2019\ShareMomAndBaby\server\node_modules\bluebird\js\release\async.js:131:9)
    at Async._drainQueues (F:\do_an2019\ShareMomAndBaby\server\node_modules\bluebird\js\release\async.js:147:5)
    at Immediate.Async.drainQueues [as _onImmediate] (F:\do_an2019\ShareMomAndBaby\server\node_modules\bluebird\js\release\async.js:17:14)
    at runCallback (timers.js:705:18)
    at tryOnImmediate (timers.js:676:5)
    at processImmediate (timers.js:658:5)
  name: 'SequelizeConnectionRefusedError',
  parent:
   { Error: connect ECONNREFUSED 127.0.0.1:3306
       at TCPConnectWrap.afterConnect [as oncomplete] (net.js:1113:14)
     errno: 'ECONNREFUSED',
     code: 'ECONNREFUSED',
     syscall: 'connect',
     address: '127.0.0.1',
     port: 3306,
     fatal: true },
  original:
   { Error: connect ECONNREFUSED 127.0.0.1:3306
       at TCPConnectWrap.afterConnect [as oncomplete] (net.js:1113:14)
     errno: 'ECONNREFUSED',
     code: 'ECONNREFUSED',
     syscall: 'connect',
     address: '127.0.0.1',
     port: 3306,
     fatal: true } }
[2019-05-11T15:16:12.814] [ERROR] default - { SequelizeConnectionRefusedError: connect ECONNREFUSED 127.0.0.1:3306
    at Utils.Promise.tap.then.catch.err (F:\do_an2019\ShareMomAndBaby\server\node_modules\sequelize\lib\dialects\mysql\connection-manager.js:139:19)
    at tryCatcher (F:\do_an2019\ShareMomAndBaby\server\node_modules\bluebird\js\release\util.js:16:23)
    at Promise._settlePromiseFromHandler (F:\do_an2019\ShareMomAndBaby\server\node_modules\bluebird\js\release\promise.js:512:31)
    at Promise._settlePromise (F:\do_an2019\ShareMomAndBaby\server\node_modules\bluebird\js\release\promise.js:569:18)
    at Promise._settlePromise0 (F:\do_an2019\ShareMomAndBaby\server\node_modules\bluebird\js\release\promise.js:614:10)
    at Promise._settlePromises (F:\do_an2019\ShareMomAndBaby\server\node_modules\bluebird\js\release\promise.js:690:18)
    at _drainQueueStep (F:\do_an2019\ShareMomAndBaby\server\node_modules\bluebird\js\release\async.js:138:12)
    at _drainQueue (F:\do_an2019\ShareMomAndBaby\server\node_modules\bluebird\js\release\async.js:131:9)
    at Async._drainQueues (F:\do_an2019\ShareMomAndBaby\server\node_modules\bluebird\js\release\async.js:147:5)
    at Immediate.Async.drainQueues [as _onImmediate] (F:\do_an2019\ShareMomAndBaby\server\node_modules\bluebird\js\release\async.js:17:14)
    at runCallback (timers.js:705:18)
    at tryOnImmediate (timers.js:676:5)
    at processImmediate (timers.js:658:5)
  name: 'SequelizeConnectionRefusedError',
  parent:
   { Error: connect ECONNREFUSED 127.0.0.1:3306
       at TCPConnectWrap.afterConnect [as oncomplete] (net.js:1113:14)
     errno: 'ECONNREFUSED',
     code: 'ECONNREFUSED',
     syscall: 'connect',
     address: '127.0.0.1',
     port: 3306,
     fatal: true },
  original:
   { Error: connect ECONNREFUSED 127.0.0.1:3306
       at TCPConnectWrap.afterConnect [as oncomplete] (net.js:1113:14)
     errno: 'ECONNREFUSED',
     code: 'ECONNREFUSED',
     syscall: 'connect',
     address: '127.0.0.1',
     port: 3306,
     fatal: true } }
[2019-05-11T15:16:12.823] [ERROR] default - { SequelizeConnectionRefusedError: connect ECONNREFUSED 127.0.0.1:3306
    at Utils.Promise.tap.then.catch.err (F:\do_an2019\ShareMomAndBaby\server\node_modules\sequelize\lib\dialects\mysql\connection-manager.js:139:19)
    at tryCatcher (F:\do_an2019\ShareMomAndBaby\server\node_modules\bluebird\js\release\util.js:16:23)
    at Promise._settlePromiseFromHandler (F:\do_an2019\ShareMomAndBaby\server\node_modules\bluebird\js\release\promise.js:512:31)
    at Promise._settlePromise (F:\do_an2019\ShareMomAndBaby\server\node_modules\bluebird\js\release\promise.js:569:18)
    at Promise._settlePromise0 (F:\do_an2019\ShareMomAndBaby\server\node_modules\bluebird\js\release\promise.js:614:10)
    at Promise._settlePromises (F:\do_an2019\ShareMomAndBaby\server\node_modules\bluebird\js\release\promise.js:690:18)
    at _drainQueueStep (F:\do_an2019\ShareMomAndBaby\server\node_modules\bluebird\js\release\async.js:138:12)
    at _drainQueue (F:\do_an2019\ShareMomAndBaby\server\node_modules\bluebird\js\release\async.js:131:9)
    at Async._drainQueues (F:\do_an2019\ShareMomAndBaby\server\node_modules\bluebird\js\release\async.js:147:5)
    at Immediate.Async.drainQueues [as _onImmediate] (F:\do_an2019\ShareMomAndBaby\server\node_modules\bluebird\js\release\async.js:17:14)
    at runCallback (timers.js:705:18)
    at tryOnImmediate (timers.js:676:5)
    at processImmediate (timers.js:658:5)
  name: 'SequelizeConnectionRefusedError',
  parent:
   { Error: connect ECONNREFUSED 127.0.0.1:3306
       at TCPConnectWrap.afterConnect [as oncomplete] (net.js:1113:14)
     errno: 'ECONNREFUSED',
     code: 'ECONNREFUSED',
     syscall: 'connect',
     address: '127.0.0.1',
     port: 3306,
     fatal: true },
  original:
   { Error: connect ECONNREFUSED 127.0.0.1:3306
       at TCPConnectWrap.afterConnect [as oncomplete] (net.js:1113:14)
     errno: 'ECONNREFUSED',
     code: 'ECONNREFUSED',
     syscall: 'connect',
     address: '127.0.0.1',
     port: 3306,
     fatal: true } }
