[2019-04-11T21:54:58.272] [INFO] server - Express server listening on port 3000
[2019-04-11T21:59:50.281] [ERROR] default - { SequelizeConnectionError: Client does not support authentication protocol requested by server; consider upgrading MySQL client
    at Utils.Promise.tap.then.catch.err (F:\do_an2019\ShareMomAndBaby\server\node_modules\sequelize\lib\dialects\mysql\connection-manager.js:149:19)
    at tryCatcher (F:\do_an2019\ShareMomAndBaby\server\node_modules\bluebird\js\release\util.js:16:23)
    at Promise._settlePromiseFromHandler (F:\do_an2019\ShareMomAndBaby\server\node_modules\bluebird\js\release\promise.js:512:31)
    at Promise._settlePromise (F:\do_an2019\ShareMomAndBaby\server\node_modules\bluebird\js\release\promise.js:569:18)
    at Promise._settlePromise0 (F:\do_an2019\ShareMomAndBaby\server\node_modules\bluebird\js\release\promise.js:614:10)
    at Promise._settlePromises (F:\do_an2019\ShareMomAndBaby\server\node_modules\bluebird\js\release\promise.js:690:18)
    at _drainQueueStep (F:\do_an2019\ShareMomAndBaby\server\node_modules\bluebird\js\release\async.js:138:12)
    at _drainQueue (F:\do_an2019\ShareMomAndBaby\server\node_modules\bluebird\js\release\async.js:131:9)
    at Async._drainQueues (F:\do_an2019\ShareMomAndBaby\server\node_modules\bluebird\js\release\async.js:147:5)
    at Immediate.Async.drainQueues [as _onImmediate] (F:\do_an2019\ShareMomAndBaby\server\node_modules\bluebird\js\release\async.js:17:14)
    at runCallback (timers.js:705:18)
    at tryOnImmediate (timers.js:676:5)
    at processImmediate (timers.js:658:5)
  name: 'SequelizeConnectionError',
  parent:
   { Error: Client does not support authentication protocol requested by server; consider upgrading MySQL client
       at Packet.asError (F:\do_an2019\ShareMomAndBaby\server\node_modules\mysql2\lib\packets\packet.js:684:17)
       at ClientHandshake.execute (F:\do_an2019\ShareMomAndBaby\server\node_modules\mysql2\lib\commands\command.js:28:26)
       at Connection.handlePacket (F:\do_an2019\ShareMomAndBaby\server\node_modules\mysql2\lib\connection.js:455:32)
       at PacketParser.onPacket (F:\do_an2019\ShareMomAndBaby\server\node_modules\mysql2\lib\connection.js:73:18)
       at PacketParser.executeStart (F:\do_an2019\ShareMomAndBaby\server\node_modules\mysql2\lib\packet_parser.js:75:16)
       at Socket.<anonymous> (F:\do_an2019\ShareMomAndBaby\server\node_modules\mysql2\lib\connection.js:80:31)
       at Socket.emit (events.js:182:13)
       at addChunk (_stream_readable.js:283:12)
       at readableAddChunk (_stream_readable.js:264:11)
       at Socket.Readable.push (_stream_readable.js:219:10)
       at TCP.onStreamRead [as onread] (internal/stream_base_commons.js:94:17)
     code: 'ER_NOT_SUPPORTED_AUTH_MODE',
     errno: 1251,
     sqlState: '08004',
     sqlMessage:
      'Client does not support authentication protocol requested by server; consider upgrading MySQL client' },
  original:
   { Error: Client does not support authentication protocol requested by server; consider upgrading MySQL client
       at Packet.asError (F:\do_an2019\ShareMomAndBaby\server\node_modules\mysql2\lib\packets\packet.js:684:17)
       at ClientHandshake.execute (F:\do_an2019\ShareMomAndBaby\server\node_modules\mysql2\lib\commands\command.js:28:26)
       at Connection.handlePacket (F:\do_an2019\ShareMomAndBaby\server\node_modules\mysql2\lib\connection.js:455:32)
       at PacketParser.onPacket (F:\do_an2019\ShareMomAndBaby\server\node_modules\mysql2\lib\connection.js:73:18)
       at PacketParser.executeStart (F:\do_an2019\ShareMomAndBaby\server\node_modules\mysql2\lib\packet_parser.js:75:16)
       at Socket.<anonymous> (F:\do_an2019\ShareMomAndBaby\server\node_modules\mysql2\lib\connection.js:80:31)
       at Socket.emit (events.js:182:13)
       at addChunk (_stream_readable.js:283:12)
       at readableAddChunk (_stream_readable.js:264:11)
       at Socket.Readable.push (_stream_readable.js:219:10)
       at TCP.onStreamRead [as onread] (internal/stream_base_commons.js:94:17)
     code: 'ER_NOT_SUPPORTED_AUTH_MODE',
     errno: 1251,
     sqlState: '08004',
     sqlMessage:
      'Client does not support authentication protocol requested by server; consider upgrading MySQL client' } }
[2019-04-11T21:59:50.285] [ERROR] default - { SequelizeConnectionError: Client does not support authentication protocol requested by server; consider upgrading MySQL client
    at Utils.Promise.tap.then.catch.err (F:\do_an2019\ShareMomAndBaby\server\node_modules\sequelize\lib\dialects\mysql\connection-manager.js:149:19)
    at tryCatcher (F:\do_an2019\ShareMomAndBaby\server\node_modules\bluebird\js\release\util.js:16:23)
    at Promise._settlePromiseFromHandler (F:\do_an2019\ShareMomAndBaby\server\node_modules\bluebird\js\release\promise.js:512:31)
    at Promise._settlePromise (F:\do_an2019\ShareMomAndBaby\server\node_modules\bluebird\js\release\promise.js:569:18)
    at Promise._settlePromise0 (F:\do_an2019\ShareMomAndBaby\server\node_modules\bluebird\js\release\promise.js:614:10)
    at Promise._settlePromises (F:\do_an2019\ShareMomAndBaby\server\node_modules\bluebird\js\release\promise.js:690:18)
    at _drainQueueStep (F:\do_an2019\ShareMomAndBaby\server\node_modules\bluebird\js\release\async.js:138:12)
    at _drainQueue (F:\do_an2019\ShareMomAndBaby\server\node_modules\bluebird\js\release\async.js:131:9)
    at Async._drainQueues (F:\do_an2019\ShareMomAndBaby\server\node_modules\bluebird\js\release\async.js:147:5)
    at Immediate.Async.drainQueues [as _onImmediate] (F:\do_an2019\ShareMomAndBaby\server\node_modules\bluebird\js\release\async.js:17:14)
    at runCallback (timers.js:705:18)
    at tryOnImmediate (timers.js:676:5)
    at processImmediate (timers.js:658:5)
  name: 'SequelizeConnectionError',
  parent:
   { Error: Client does not support authentication protocol requested by server; consider upgrading MySQL client
       at Packet.asError (F:\do_an2019\ShareMomAndBaby\server\node_modules\mysql2\lib\packets\packet.js:684:17)
       at ClientHandshake.execute (F:\do_an2019\ShareMomAndBaby\server\node_modules\mysql2\lib\commands\command.js:28:26)
       at Connection.handlePacket (F:\do_an2019\ShareMomAndBaby\server\node_modules\mysql2\lib\connection.js:455:32)
       at PacketParser.onPacket (F:\do_an2019\ShareMomAndBaby\server\node_modules\mysql2\lib\connection.js:73:18)
       at PacketParser.executeStart (F:\do_an2019\ShareMomAndBaby\server\node_modules\mysql2\lib\packet_parser.js:75:16)
       at Socket.<anonymous> (F:\do_an2019\ShareMomAndBaby\server\node_modules\mysql2\lib\connection.js:80:31)
       at Socket.emit (events.js:182:13)
       at addChunk (_stream_readable.js:283:12)
       at readableAddChunk (_stream_readable.js:264:11)
       at Socket.Readable.push (_stream_readable.js:219:10)
       at TCP.onStreamRead [as onread] (internal/stream_base_commons.js:94:17)
     code: 'ER_NOT_SUPPORTED_AUTH_MODE',
     errno: 1251,
     sqlState: '08004',
     sqlMessage:
      'Client does not support authentication protocol requested by server; consider upgrading MySQL client' },
  original:
   { Error: Client does not support authentication protocol requested by server; consider upgrading MySQL client
       at Packet.asError (F:\do_an2019\ShareMomAndBaby\server\node_modules\mysql2\lib\packets\packet.js:684:17)
       at ClientHandshake.execute (F:\do_an2019\ShareMomAndBaby\server\node_modules\mysql2\lib\commands\command.js:28:26)
       at Connection.handlePacket (F:\do_an2019\ShareMomAndBaby\server\node_modules\mysql2\lib\connection.js:455:32)
       at PacketParser.onPacket (F:\do_an2019\ShareMomAndBaby\server\node_modules\mysql2\lib\connection.js:73:18)
       at PacketParser.executeStart (F:\do_an2019\ShareMomAndBaby\server\node_modules\mysql2\lib\packet_parser.js:75:16)
       at Socket.<anonymous> (F:\do_an2019\ShareMomAndBaby\server\node_modules\mysql2\lib\connection.js:80:31)
       at Socket.emit (events.js:182:13)
       at addChunk (_stream_readable.js:283:12)
       at readableAddChunk (_stream_readable.js:264:11)
       at Socket.Readable.push (_stream_readable.js:219:10)
       at TCP.onStreamRead [as onread] (internal/stream_base_commons.js:94:17)
     code: 'ER_NOT_SUPPORTED_AUTH_MODE',
     errno: 1251,
     sqlState: '08004',
     sqlMessage:
      'Client does not support authentication protocol requested by server; consider upgrading MySQL client' } }
[2019-04-11T22:00:06.967] [ERROR] default - { SequelizeConnectionError: Client does not support authentication protocol requested by server; consider upgrading MySQL client
    at Utils.Promise.tap.then.catch.err (F:\do_an2019\ShareMomAndBaby\server\node_modules\sequelize\lib\dialects\mysql\connection-manager.js:149:19)
    at tryCatcher (F:\do_an2019\ShareMomAndBaby\server\node_modules\bluebird\js\release\util.js:16:23)
    at Promise._settlePromiseFromHandler (F:\do_an2019\ShareMomAndBaby\server\node_modules\bluebird\js\release\promise.js:512:31)
    at Promise._settlePromise (F:\do_an2019\ShareMomAndBaby\server\node_modules\bluebird\js\release\promise.js:569:18)
    at Promise._settlePromise0 (F:\do_an2019\ShareMomAndBaby\server\node_modules\bluebird\js\release\promise.js:614:10)
    at Promise._settlePromises (F:\do_an2019\ShareMomAndBaby\server\node_modules\bluebird\js\release\promise.js:690:18)
    at _drainQueueStep (F:\do_an2019\ShareMomAndBaby\server\node_modules\bluebird\js\release\async.js:138:12)
    at _drainQueue (F:\do_an2019\ShareMomAndBaby\server\node_modules\bluebird\js\release\async.js:131:9)
    at Async._drainQueues (F:\do_an2019\ShareMomAndBaby\server\node_modules\bluebird\js\release\async.js:147:5)
    at Immediate.Async.drainQueues [as _onImmediate] (F:\do_an2019\ShareMomAndBaby\server\node_modules\bluebird\js\release\async.js:17:14)
    at runCallback (timers.js:705:18)
    at tryOnImmediate (timers.js:676:5)
    at processImmediate (timers.js:658:5)
  name: 'SequelizeConnectionError',
  parent:
   { Error: Client does not support authentication protocol requested by server; consider upgrading MySQL client
       at Packet.asError (F:\do_an2019\ShareMomAndBaby\server\node_modules\mysql2\lib\packets\packet.js:684:17)
       at ClientHandshake.execute (F:\do_an2019\ShareMomAndBaby\server\node_modules\mysql2\lib\commands\command.js:28:26)
       at Connection.handlePacket (F:\do_an2019\ShareMomAndBaby\server\node_modules\mysql2\lib\connection.js:455:32)
       at PacketParser.onPacket (F:\do_an2019\ShareMomAndBaby\server\node_modules\mysql2\lib\connection.js:73:18)
       at PacketParser.executeStart (F:\do_an2019\ShareMomAndBaby\server\node_modules\mysql2\lib\packet_parser.js:75:16)
       at Socket.<anonymous> (F:\do_an2019\ShareMomAndBaby\server\node_modules\mysql2\lib\connection.js:80:31)
       at Socket.emit (events.js:182:13)
       at addChunk (_stream_readable.js:283:12)
       at readableAddChunk (_stream_readable.js:264:11)
       at Socket.Readable.push (_stream_readable.js:219:10)
       at TCP.onStreamRead [as onread] (internal/stream_base_commons.js:94:17)
     code: 'ER_NOT_SUPPORTED_AUTH_MODE',
     errno: 1251,
     sqlState: '08004',
     sqlMessage:
      'Client does not support authentication protocol requested by server; consider upgrading MySQL client' },
  original:
   { Error: Client does not support authentication protocol requested by server; consider upgrading MySQL client
       at Packet.asError (F:\do_an2019\ShareMomAndBaby\server\node_modules\mysql2\lib\packets\packet.js:684:17)
       at ClientHandshake.execute (F:\do_an2019\ShareMomAndBaby\server\node_modules\mysql2\lib\commands\command.js:28:26)
       at Connection.handlePacket (F:\do_an2019\ShareMomAndBaby\server\node_modules\mysql2\lib\connection.js:455:32)
       at PacketParser.onPacket (F:\do_an2019\ShareMomAndBaby\server\node_modules\mysql2\lib\connection.js:73:18)
       at PacketParser.executeStart (F:\do_an2019\ShareMomAndBaby\server\node_modules\mysql2\lib\packet_parser.js:75:16)
       at Socket.<anonymous> (F:\do_an2019\ShareMomAndBaby\server\node_modules\mysql2\lib\connection.js:80:31)
       at Socket.emit (events.js:182:13)
       at addChunk (_stream_readable.js:283:12)
       at readableAddChunk (_stream_readable.js:264:11)
       at Socket.Readable.push (_stream_readable.js:219:10)
       at TCP.onStreamRead [as onread] (internal/stream_base_commons.js:94:17)
     code: 'ER_NOT_SUPPORTED_AUTH_MODE',
     errno: 1251,
     sqlState: '08004',
     sqlMessage:
      'Client does not support authentication protocol requested by server; consider upgrading MySQL client' } }
[2019-04-11T22:00:59.014] [ERROR] default - { SequelizeConnectionError: Client does not support authentication protocol requested by server; consider upgrading MySQL client
    at Utils.Promise.tap.then.catch.err (F:\do_an2019\ShareMomAndBaby\server\node_modules\sequelize\lib\dialects\mysql\connection-manager.js:149:19)
    at tryCatcher (F:\do_an2019\ShareMomAndBaby\server\node_modules\bluebird\js\release\util.js:16:23)
    at Promise._settlePromiseFromHandler (F:\do_an2019\ShareMomAndBaby\server\node_modules\bluebird\js\release\promise.js:512:31)
    at Promise._settlePromise (F:\do_an2019\ShareMomAndBaby\server\node_modules\bluebird\js\release\promise.js:569:18)
    at Promise._settlePromise0 (F:\do_an2019\ShareMomAndBaby\server\node_modules\bluebird\js\release\promise.js:614:10)
    at Promise._settlePromises (F:\do_an2019\ShareMomAndBaby\server\node_modules\bluebird\js\release\promise.js:690:18)
    at _drainQueueStep (F:\do_an2019\ShareMomAndBaby\server\node_modules\bluebird\js\release\async.js:138:12)
    at _drainQueue (F:\do_an2019\ShareMomAndBaby\server\node_modules\bluebird\js\release\async.js:131:9)
    at Async._drainQueues (F:\do_an2019\ShareMomAndBaby\server\node_modules\bluebird\js\release\async.js:147:5)
    at Immediate.Async.drainQueues [as _onImmediate] (F:\do_an2019\ShareMomAndBaby\server\node_modules\bluebird\js\release\async.js:17:14)
    at runCallback (timers.js:705:18)
    at tryOnImmediate (timers.js:676:5)
    at processImmediate (timers.js:658:5)
  name: 'SequelizeConnectionError',
  parent:
   { Error: Client does not support authentication protocol requested by server; consider upgrading MySQL client
       at Packet.asError (F:\do_an2019\ShareMomAndBaby\server\node_modules\mysql2\lib\packets\packet.js:684:17)
       at ClientHandshake.execute (F:\do_an2019\ShareMomAndBaby\server\node_modules\mysql2\lib\commands\command.js:28:26)
       at Connection.handlePacket (F:\do_an2019\ShareMomAndBaby\server\node_modules\mysql2\lib\connection.js:455:32)
       at PacketParser.onPacket (F:\do_an2019\ShareMomAndBaby\server\node_modules\mysql2\lib\connection.js:73:18)
       at PacketParser.executeStart (F:\do_an2019\ShareMomAndBaby\server\node_modules\mysql2\lib\packet_parser.js:75:16)
       at Socket.<anonymous> (F:\do_an2019\ShareMomAndBaby\server\node_modules\mysql2\lib\connection.js:80:31)
       at Socket.emit (events.js:182:13)
       at addChunk (_stream_readable.js:283:12)
       at readableAddChunk (_stream_readable.js:264:11)
       at Socket.Readable.push (_stream_readable.js:219:10)
       at TCP.onStreamRead [as onread] (internal/stream_base_commons.js:94:17)
     code: 'ER_NOT_SUPPORTED_AUTH_MODE',
     errno: 1251,
     sqlState: '08004',
     sqlMessage:
      'Client does not support authentication protocol requested by server; consider upgrading MySQL client' },
  original:
   { Error: Client does not support authentication protocol requested by server; consider upgrading MySQL client
       at Packet.asError (F:\do_an2019\ShareMomAndBaby\server\node_modules\mysql2\lib\packets\packet.js:684:17)
       at ClientHandshake.execute (F:\do_an2019\ShareMomAndBaby\server\node_modules\mysql2\lib\commands\command.js:28:26)
       at Connection.handlePacket (F:\do_an2019\ShareMomAndBaby\server\node_modules\mysql2\lib\connection.js:455:32)
       at PacketParser.onPacket (F:\do_an2019\ShareMomAndBaby\server\node_modules\mysql2\lib\connection.js:73:18)
       at PacketParser.executeStart (F:\do_an2019\ShareMomAndBaby\server\node_modules\mysql2\lib\packet_parser.js:75:16)
       at Socket.<anonymous> (F:\do_an2019\ShareMomAndBaby\server\node_modules\mysql2\lib\connection.js:80:31)
       at Socket.emit (events.js:182:13)
       at addChunk (_stream_readable.js:283:12)
       at readableAddChunk (_stream_readable.js:264:11)
       at Socket.Readable.push (_stream_readable.js:219:10)
       at TCP.onStreamRead [as onread] (internal/stream_base_commons.js:94:17)
     code: 'ER_NOT_SUPPORTED_AUTH_MODE',
     errno: 1251,
     sqlState: '08004',
     sqlMessage:
      'Client does not support authentication protocol requested by server; consider upgrading MySQL client' } }
[2019-04-11T22:00:59.113] [ERROR] default - { SequelizeConnectionError: Client does not support authentication protocol requested by server; consider upgrading MySQL client
    at Utils.Promise.tap.then.catch.err (F:\do_an2019\ShareMomAndBaby\server\node_modules\sequelize\lib\dialects\mysql\connection-manager.js:149:19)
    at tryCatcher (F:\do_an2019\ShareMomAndBaby\server\node_modules\bluebird\js\release\util.js:16:23)
    at Promise._settlePromiseFromHandler (F:\do_an2019\ShareMomAndBaby\server\node_modules\bluebird\js\release\promise.js:512:31)
    at Promise._settlePromise (F:\do_an2019\ShareMomAndBaby\server\node_modules\bluebird\js\release\promise.js:569:18)
    at Promise._settlePromise0 (F:\do_an2019\ShareMomAndBaby\server\node_modules\bluebird\js\release\promise.js:614:10)
    at Promise._settlePromises (F:\do_an2019\ShareMomAndBaby\server\node_modules\bluebird\js\release\promise.js:690:18)
    at _drainQueueStep (F:\do_an2019\ShareMomAndBaby\server\node_modules\bluebird\js\release\async.js:138:12)
    at _drainQueue (F:\do_an2019\ShareMomAndBaby\server\node_modules\bluebird\js\release\async.js:131:9)
    at Async._drainQueues (F:\do_an2019\ShareMomAndBaby\server\node_modules\bluebird\js\release\async.js:147:5)
    at Immediate.Async.drainQueues [as _onImmediate] (F:\do_an2019\ShareMomAndBaby\server\node_modules\bluebird\js\release\async.js:17:14)
    at runCallback (timers.js:705:18)
    at tryOnImmediate (timers.js:676:5)
    at processImmediate (timers.js:658:5)
  name: 'SequelizeConnectionError',
  parent:
   { Error: Client does not support authentication protocol requested by server; consider upgrading MySQL client
       at Packet.asError (F:\do_an2019\ShareMomAndBaby\server\node_modules\mysql2\lib\packets\packet.js:684:17)
       at ClientHandshake.execute (F:\do_an2019\ShareMomAndBaby\server\node_modules\mysql2\lib\commands\command.js:28:26)
       at Connection.handlePacket (F:\do_an2019\ShareMomAndBaby\server\node_modules\mysql2\lib\connection.js:455:32)
       at PacketParser.onPacket (F:\do_an2019\ShareMomAndBaby\server\node_modules\mysql2\lib\connection.js:73:18)
       at PacketParser.executeStart (F:\do_an2019\ShareMomAndBaby\server\node_modules\mysql2\lib\packet_parser.js:75:16)
       at Socket.<anonymous> (F:\do_an2019\ShareMomAndBaby\server\node_modules\mysql2\lib\connection.js:80:31)
       at Socket.emit (events.js:182:13)
       at addChunk (_stream_readable.js:283:12)
       at readableAddChunk (_stream_readable.js:264:11)
       at Socket.Readable.push (_stream_readable.js:219:10)
       at TCP.onStreamRead [as onread] (internal/stream_base_commons.js:94:17)
     code: 'ER_NOT_SUPPORTED_AUTH_MODE',
     errno: 1251,
     sqlState: '08004',
     sqlMessage:
      'Client does not support authentication protocol requested by server; consider upgrading MySQL client' },
  original:
   { Error: Client does not support authentication protocol requested by server; consider upgrading MySQL client
       at Packet.asError (F:\do_an2019\ShareMomAndBaby\server\node_modules\mysql2\lib\packets\packet.js:684:17)
       at ClientHandshake.execute (F:\do_an2019\ShareMomAndBaby\server\node_modules\mysql2\lib\commands\command.js:28:26)
       at Connection.handlePacket (F:\do_an2019\ShareMomAndBaby\server\node_modules\mysql2\lib\connection.js:455:32)
       at PacketParser.onPacket (F:\do_an2019\ShareMomAndBaby\server\node_modules\mysql2\lib\connection.js:73:18)
       at PacketParser.executeStart (F:\do_an2019\ShareMomAndBaby\server\node_modules\mysql2\lib\packet_parser.js:75:16)
       at Socket.<anonymous> (F:\do_an2019\ShareMomAndBaby\server\node_modules\mysql2\lib\connection.js:80:31)
       at Socket.emit (events.js:182:13)
       at addChunk (_stream_readable.js:283:12)
       at readableAddChunk (_stream_readable.js:264:11)
       at Socket.Readable.push (_stream_readable.js:219:10)
       at TCP.onStreamRead [as onread] (internal/stream_base_commons.js:94:17)
     code: 'ER_NOT_SUPPORTED_AUTH_MODE',
     errno: 1251,
     sqlState: '08004',
     sqlMessage:
      'Client does not support authentication protocol requested by server; consider upgrading MySQL client' } }
