[2019-05-16T01:02:34.923] [INFO] server - Express server listening on port 3000
[2019-05-16T01:03:38.637] [ERROR] default - { SequelizeConnectionRefusedError: connect ECONNREFUSED 127.0.0.1:3306
    at Utils.Promise.tap.then.catch.err (F:\do_an2019\ShareMomAndBaby\server\node_modules\sequelize\lib\dialects\mysql\connection-manager.js:139:19)
    at tryCatcher (F:\do_an2019\ShareMomAndBaby\server\node_modules\bluebird\js\release\util.js:16:23)
    at Promise._settlePromiseFromHandler (F:\do_an2019\ShareMomAndBaby\server\node_modules\bluebird\js\release\promise.js:512:31)
    at Promise._settlePromise (F:\do_an2019\ShareMomAndBaby\server\node_modules\bluebird\js\release\promise.js:569:18)
    at Promise._settlePromise0 (F:\do_an2019\ShareMomAndBaby\server\node_modules\bluebird\js\release\promise.js:614:10)
    at Promise._settlePromises (F:\do_an2019\ShareMomAndBaby\server\node_modules\bluebird\js\release\promise.js:690:18)
    at _drainQueueStep (F:\do_an2019\ShareMomAndBaby\server\node_modules\bluebird\js\release\async.js:138:12)
    at _drainQueue (F:\do_an2019\ShareMomAndBaby\server\node_modules\bluebird\js\release\async.js:131:9)
    at Async._drainQueues (F:\do_an2019\ShareMomAndBaby\server\node_modules\bluebird\js\release\async.js:147:5)
    at Immediate.Async.drainQueues [as _onImmediate] (F:\do_an2019\ShareMomAndBaby\server\node_modules\bluebird\js\release\async.js:17:14)
    at runCallback (timers.js:705:18)
    at tryOnImmediate (timers.js:676:5)
    at processImmediate (timers.js:658:5)
  name: 'SequelizeConnectionRefusedError',
  parent:
   { Error: connect ECONNREFUSED 127.0.0.1:3306
       at TCPConnectWrap.afterConnect [as oncomplete] (net.js:1113:14)
     errno: 'ECONNREFUSED',
     code: 'ECONNREFUSED',
     syscall: 'connect',
     address: '127.0.0.1',
     port: 3306,
     fatal: true },
  original:
   { Error: connect ECONNREFUSED 127.0.0.1:3306
       at TCPConnectWrap.afterConnect [as oncomplete] (net.js:1113:14)
     errno: 'ECONNREFUSED',
     code: 'ECONNREFUSED',
     syscall: 'connect',
     address: '127.0.0.1',
     port: 3306,
     fatal: true } }
[2019-05-16T01:09:27.373] [INFO] server - Express server listening on port 3000
[2019-05-16T01:09:45.272] [INFO] server - Express server listening on port 3000
[2019-05-16T01:11:19.204] [INFO] server - Express server listening on port 3000
[2019-05-16T01:27:37.368] [ERROR] auth_utils - { message: 'You are not authorized to access.',
  code: 'AUTHORIZE_01' }
[2019-05-16T02:24:00.533] [ERROR] auth_utils - { message: 'You are not authorized to access.',
  code: 'AUTHORIZE_01' }
[2019-05-16T02:24:05.733] [ERROR] auth_utils - { message: 'You are not authorized to access.',
  code: 'AUTHORIZE_01' }
[2019-05-16T02:47:18.067] [INFO] server - Express server listening on port 3000
[2019-05-16T21:55:35.621] [INFO] server - Express server listening on port 3000
[2019-05-16T22:06:30.840] [ERROR] default - { message: 'Username or password is not correct.',
  code: 'AUTHENTICATE_01' }
[2019-05-16T22:06:33.088] [ERROR] default - { message: 'Username or password is not correct.',
  code: 'AUTHENTICATE_01' }
[2019-05-16T22:06:34.715] [ERROR] default - { message: 'Username or password is not correct.',
  code: 'AUTHENTICATE_01' }
