[2019-05-17T00:25:10.547] [INFO] server - Express server listening on port 3000
[2019-05-17T00:25:55.611] [INFO] server - Express server listening on port 3000
[2019-05-17T00:27:09.754] [INFO] server - Express server listening on port 3000
[2019-05-17T20:15:28.949] [INFO] server - Express server listening on port 3000
[2019-05-17T20:15:34.974] [ERROR] default - { message: 'Username or password is not correct.',
  code: 'AUTHENTICATE_01' }
[2019-05-17T20:15:46.676] [ERROR] default - { message: 'Username or password is not correct.',
  code: 'AUTHENTICATE_01' }
[2019-05-17T20:16:07.144] [ERROR] default - { message: 'Username or password is not correct.',
  code: 'AUTHENTICATE_01' }
[2019-05-17T20:16:24.768] [ERROR] default - { message: 'Username or password is not correct.',
  code: 'AUTHENTICATE_01' }
[2019-05-17T20:16:41.093] [ERROR] default - { message: 'Username or password is not correct.',
  code: 'AUTHENTICATE_01' }
[2019-05-17T20:17:12.504] [ERROR] default - { message: 'Username or password is not correct.',
  code: 'AUTHENTICATE_01' }
[2019-05-17T20:20:31.827] [ERROR] auth_utils - { JsonWebTokenError: jwt must be provided
    at module.exports (F:\do_an2019\ShareMomAndBaby\server\node_modules\jsonwebtoken\verify.js:43:17)
    at tryCatcher (F:\do_an2019\ShareMomAndBaby\server\node_modules\bluebird\js\release\util.js:16:23)
    at ret (eval at makeNodePromisifiedEval (F:\do_an2019\ShareMomAndBaby\server\node_modules\bluebird\js\release\promisify.js:184:12), <anonymous>:14:23)
    at F:\do_an2019\ShareMomAndBaby\server\config\auth_utils.js:101:9
    at Promise._execute (F:\do_an2019\ShareMomAndBaby\server\node_modules\bluebird\js\release\debuggability.js:313:9)
    at Promise._resolveFromExecutor (F:\do_an2019\ShareMomAndBaby\server\node_modules\bluebird\js\release\promise.js:483:18)
    at new Promise (F:\do_an2019\ShareMomAndBaby\server\node_modules\bluebird\js\release\promise.js:79:10)
    at auth (F:\do_an2019\ShareMomAndBaby\server\config\auth_utils.js:89:12)
    at exports.authorizeAdminUser (F:\do_an2019\ShareMomAndBaby\server\config\auth_utils.js:129:5)
    at Layer.handle [as handle_request] (F:\do_an2019\ShareMomAndBaby\server\node_modules\express\lib\router\layer.js:95:5)
    at next (F:\do_an2019\ShareMomAndBaby\server\node_modules\express\lib\router\route.js:137:13)
    at Route.dispatch (F:\do_an2019\ShareMomAndBaby\server\node_modules\express\lib\router\route.js:112:3)
    at Layer.handle [as handle_request] (F:\do_an2019\ShareMomAndBaby\server\node_modules\express\lib\router\layer.js:95:5)
    at F:\do_an2019\ShareMomAndBaby\server\node_modules\express\lib\router\index.js:281:22
    at param (F:\do_an2019\ShareMomAndBaby\server\node_modules\express\lib\router\index.js:354:14)
    at param (F:\do_an2019\ShareMomAndBaby\server\node_modules\express\lib\router\index.js:365:14)
    at Function.process_params (F:\do_an2019\ShareMomAndBaby\server\node_modules\express\lib\router\index.js:410:3)
    at next (F:\do_an2019\ShareMomAndBaby\server\node_modules\express\lib\router\index.js:275:10)
    at Function.handle (F:\do_an2019\ShareMomAndBaby\server\node_modules\express\lib\router\index.js:174:3)
    at router (F:\do_an2019\ShareMomAndBaby\server\node_modules\express\lib\router\index.js:47:12)
    at Layer.handle [as handle_request] (F:\do_an2019\ShareMomAndBaby\server\node_modules\express\lib\router\layer.js:95:5)
    at trim_prefix (F:\do_an2019\ShareMomAndBaby\server\node_modules\express\lib\router\index.js:317:13) name: 'JsonWebTokenError', message: 'jwt must be provided' }
[2019-05-17T20:21:11.219] [INFO] server - Express server listening on port 3000
[2019-05-17T20:24:31.303] [ERROR] auth_utils - { JsonWebTokenError: jwt must be provided
    at module.exports (F:\do_an2019\ShareMomAndBaby\server\node_modules\jsonwebtoken\verify.js:43:17)
    at tryCatcher (F:\do_an2019\ShareMomAndBaby\server\node_modules\bluebird\js\release\util.js:16:23)
    at ret (eval at makeNodePromisifiedEval (F:\do_an2019\ShareMomAndBaby\server\node_modules\bluebird\js\release\promisify.js:184:12), <anonymous>:14:23)
    at F:\do_an2019\ShareMomAndBaby\server\config\auth_utils.js:27:5
    at Promise._execute (F:\do_an2019\ShareMomAndBaby\server\node_modules\bluebird\js\release\debuggability.js:313:9)
    at Promise._resolveFromExecutor (F:\do_an2019\ShareMomAndBaby\server\node_modules\bluebird\js\release\promise.js:483:18)
    at new Promise (F:\do_an2019\ShareMomAndBaby\server\node_modules\bluebird\js\release\promise.js:79:10)
    at authorizeRoles (F:\do_an2019\ShareMomAndBaby\server\config\auth_utils.js:17:10)
    at exports.authorizeAdminMember (F:\do_an2019\ShareMomAndBaby\server\config\auth_utils.js:79:3)
    at Layer.handle [as handle_request] (F:\do_an2019\ShareMomAndBaby\server\node_modules\express\lib\router\layer.js:95:5)
    at next (F:\do_an2019\ShareMomAndBaby\server\node_modules\express\lib\router\route.js:137:13)
    at runner.then.errors (F:\do_an2019\ShareMomAndBaby\server\node_modules\express-validator\check\check.js:16:7)
    at process._tickCallback (internal/process/next_tick.js:68:7) name: 'JsonWebTokenError', message: 'jwt must be provided' }
[2019-05-17T20:24:44.173] [ERROR] auth_utils - { JsonWebTokenError: jwt must be provided
    at module.exports (F:\do_an2019\ShareMomAndBaby\server\node_modules\jsonwebtoken\verify.js:43:17)
    at tryCatcher (F:\do_an2019\ShareMomAndBaby\server\node_modules\bluebird\js\release\util.js:16:23)
    at ret (eval at makeNodePromisifiedEval (F:\do_an2019\ShareMomAndBaby\server\node_modules\bluebird\js\release\promisify.js:184:12), <anonymous>:14:23)
    at F:\do_an2019\ShareMomAndBaby\server\config\auth_utils.js:27:5
    at Promise._execute (F:\do_an2019\ShareMomAndBaby\server\node_modules\bluebird\js\release\debuggability.js:313:9)
    at Promise._resolveFromExecutor (F:\do_an2019\ShareMomAndBaby\server\node_modules\bluebird\js\release\promise.js:483:18)
    at new Promise (F:\do_an2019\ShareMomAndBaby\server\node_modules\bluebird\js\release\promise.js:79:10)
    at authorizeRoles (F:\do_an2019\ShareMomAndBaby\server\config\auth_utils.js:17:10)
    at exports.authorizeAdminMember (F:\do_an2019\ShareMomAndBaby\server\config\auth_utils.js:79:3)
    at Layer.handle [as handle_request] (F:\do_an2019\ShareMomAndBaby\server\node_modules\express\lib\router\layer.js:95:5)
    at next (F:\do_an2019\ShareMomAndBaby\server\node_modules\express\lib\router\route.js:137:13)
    at runner.then.errors (F:\do_an2019\ShareMomAndBaby\server\node_modules\express-validator\check\check.js:16:7)
    at process._tickCallback (internal/process/next_tick.js:68:7) name: 'JsonWebTokenError', message: 'jwt must be provided' }
[2019-05-17T20:34:36.091] [INFO] server - Express server listening on port 3000
[2019-05-17T20:34:39.766] [INFO] server - Express server listening on port 3000
[2019-05-17T20:39:22.733] [INFO] server - Express server listening on port 3000
[2019-05-17T20:42:06.667] [INFO] server - Express server listening on port 3000
[2019-05-17T20:42:26.435] [INFO] server - Express server listening on port 3000
[2019-05-17T20:43:55.211] [ERROR] default - { message: 'Username or password is not correct.',
  code: 'AUTHENTICATE_01' }
[2019-05-17T20:44:01.214] [ERROR] default - { message: 'Username or password is not correct.',
  code: 'AUTHENTICATE_01' }
[2019-05-17T20:47:50.714] [INFO] server - Express server listening on port 3000
[2019-05-17T21:00:29.659] [INFO] server - Express server listening on port 3000
[2019-05-17T21:16:09.901] [ERROR] auth_utils - { message: 'You are not authorized to access.',
  code: 'AUTHORIZE_01' }
[2019-05-17T21:33:54.638] [INFO] server - Express server listening on port 3000
[2019-05-17T21:52:10.317] [INFO] server - Express server listening on port 3000
[2019-05-17T21:54:31.071] [INFO] server - Express server listening on port 3000
[2019-05-17T22:06:58.069] [INFO] server - Express server listening on port 3000
